<?xml version="1.0" encoding="UTF-8"?>
<!-- Generated by org.testng.reporters.JUnitXMLReporter -->
<testsuite hostname="DESKTOP-D1R7OO5" ignored="0" name="Test3" tests="3" failures="1" timestamp="2019-12-23T13:30:52 IST" time="75.2" errors="0">
  <testcase name="ProdSearch" time="31.192" classname="DDFDemos.DDFProdSearchTest"/>
  <testcase name="ProdSearch" time="41.043" classname="DDFDemos.DDFProdSearchTest"/>
  <testcase name="ProdCatSearch" time="0.0" classname="DDFDemos.DDFProdCatSearchTest">
    <failure type="org.testng.TestNGException" message="
Method public void DDFDemos.DDFProdCatSearchTest.ProdCatSearch(java.lang.String,java.lang.String) requires a @DataProvider named : EbayData">
      <![CDATA[org.testng.TestNGException: 
Method public void DDFDemos.DDFProdCatSearchTest.ProdCatSearch(java.lang.String,java.lang.String) requires a @DataProvider named : EbayData
at java.util.ArrayList.forEach(Unknown Source)
... Removed 24 stack frames]]>
    </failure>
  </testcase> <!-- ProdCatSearch -->
</testsuite> <!-- Test3 -->
